<?xml version="1.0" encoding="UTF-8"?>
<!-- Generated by org.testng.reporters.JUnitReportReporter -->
<testsuite skipped="0" hostname="LTB0216412" name="test.validateSearchPageContentTest" tests="1" failures="0" timestamp="2022-01-26T23:16:45 IST" time="38.136" errors="0">
  <testcase name="validate_first_link" time="38.136" classname="test.validateSearchPageContentTest"/>
  <system-out/>
</testsuite> <!-- test.validateSearchPageContentTest -->
